<?xml version="1.0" encoding="UTF-8"?>
<!-- Generated by org.testng.reporters.JUnitXMLReporter -->
<testsuite ignored="8" hostname="LAPTOP-CJ41LFN6" failures="0" tests="2" name="Command line test" time="1.95" errors="0" timestamp="2024-01-02T16:19:09 GMT">
  <testcase classname="testcases.TestCase" name="testRegisterSucessfull" time="1.792"/>
  <testcase classname="testcases.TestCase" name="testRegisterUnsucessfull" time="0.13"/>
  <testcase classname="testcases.TestCase" name="testGetSingleUsersNotFound" time="0.0">
    <ignored/>
  </testcase> <!-- testGetSingleUsersNotFound -->
  <testcase classname="testcases.TestCase" name="testGetListUsers" time="0.0">
    <ignored/>
  </testcase> <!-- testGetListUsers -->
  <testcase classname="testcases.TestCase" name="testGetSingleResourse" time="0.0">
    <ignored/>
  </testcase> <!-- testGetSingleResourse -->
  <testcase classname="testcases.TestCase" name="testGetSingleResourceNotFound" time="0.0">
    <ignored/>
  </testcase> <!-- testGetSingleResourceNotFound -->
  <testcase classname="testcases.TestCase" name="testGetListResourses" time="0.0">
    <ignored/>
  </testcase> <!-- testGetListResourses -->
  <testcase classname="testcases.TestCase" name="testGetSingleUser" time="0.0">
    <ignored/>
  </testcase> <!-- testGetSingleUser -->
  <testcase classname="testcases.TestCase" name="testDeleteUser" time="0.0">
    <ignored/>
  </testcase> <!-- testDeleteUser -->
  <testcase classname="testcases.TestCase" name="testCreateUser" time="0.0">
    <ignored/>
  </testcase> <!-- testCreateUser -->
</testsuite> <!-- Command line test -->
