<?xml version="1.0" encoding="UTF-8"?>
<testng-results ignored="0" total="1" passed="1" failed="0" skipped="0">
  <reporter-output>
  </reporter-output>
  <suite started-at="2024-01-08T01:50:50 GMT" name="Default suite" finished-at="2024-01-08T01:50:52 GMT" duration-ms="1387">
    <groups>
    </groups>
    <test started-at="2024-01-08T01:50:50 GMT" name="Default test" finished-at="2024-01-08T01:50:52 GMT" duration-ms="1387">
      <class name="testcases.PatchTestCase">
        <test-method signature="testPartiallyUpdateUserDetails()[pri:0, instance:testcases.PatchTestCase@1a942c18]" started-at="2024-01-08T01:50:50 GMT" name="testPartiallyUpdateUserDetails" finished-at="2024-01-08T01:50:52 GMT" duration-ms="1353" status="PASS">
          <reporter-output>
          </reporter-output>
        </test-method> <!-- testPartiallyUpdateUserDetails -->
      </class> <!-- testcases.PatchTestCase -->
    </test> <!-- Default test -->
  </suite> <!-- Default suite -->
</testng-results>
