<?xml version="1.0" encoding="UTF-8"?>
<testng-results ignored="0" total="1" passed="1" failed="0" skipped="0">
  <reporter-output>
  </reporter-output>
  <suite started-at="2024-01-08T18:03:10 GMT" name="Default suite" finished-at="2024-01-08T18:03:12 GMT" duration-ms="1384">
    <groups>
    </groups>
    <test started-at="2024-01-08T18:03:10 GMT" name="Default test" finished-at="2024-01-08T18:03:12 GMT" duration-ms="1384">
      <class name="testcases.GetTestCase">
        <test-method is-config="true" signature="filePathExtractor()[pri:0, instance:testcases.GetTestCase@48075da3]" started-at="2024-01-08T18:03:10 GMT" name="filePathExtractor" finished-at="2024-01-08T18:03:10 GMT" duration-ms="19" status="PASS">
          <reporter-output>
          </reporter-output>
        </test-method> <!-- filePathExtractor -->
        <test-method signature="testGetListResourses()[pri:0, instance:testcases.GetTestCase@48075da3]" started-at="2024-01-08T18:03:10 GMT" name="testGetListResourses" finished-at="2024-01-08T18:03:12 GMT" duration-ms="1336" status="PASS">
          <reporter-output>
          </reporter-output>
        </test-method> <!-- testGetListResourses -->
      </class> <!-- testcases.GetTestCase -->
    </test> <!-- Default test -->
  </suite> <!-- Default suite -->
</testng-results>
