<?xml version="1.0" encoding="UTF-8"?>
<testng-results ignored="0" total="11" passed="11" failed="0" skipped="0">
  <reporter-output>
  </reporter-output>
  <suite started-at="2024-01-08T21:05:21 GMT" name="Default suite" finished-at="2024-01-08T21:05:24 GMT" duration-ms="2515">
    <groups>
      <group name="cucumber">
        <method signature="AbstractTestNGCucumberTests.runScenario(io.cucumber.testng.PickleWrapper,io.cucumber.testng.FeatureWrapper)[pri:0, instance:runner.RunCucumberTest@9bd0fa6]" name="runScenario" class="io.cucumber.testng.AbstractTestNGCucumberTests"/>
      </group> <!-- cucumber -->
    </groups>
    <test started-at="2024-01-08T21:05:21 GMT" name="Default test" finished-at="2024-01-08T21:05:24 GMT" duration-ms="2515">
      <class name="runner.RunCucumberTest">
        <test-method is-config="true" signature="setUpClass(org.testng.ITestContext)[pri:0, instance:runner.RunCucumberTest@9bd0fa6]" started-at="2024-01-08T21:05:21 GMT" name="setUpClass" finished-at="2024-01-08T21:05:22 GMT" duration-ms="523" status="PASS">
          <params>
            <param index="0">
              <value>
                <![CDATA[org.testng.TestRunner@41b13f3d]]>
              </value>
            </param>
          </params>
          <reporter-output>
          </reporter-output>
        </test-method> <!-- setUpClass -->
        <test-method signature="runScenario(io.cucumber.testng.PickleWrapper,io.cucumber.testng.FeatureWrapper)[pri:0, instance:runner.RunCucumberTest@9bd0fa6]" started-at="2024-01-08T21:05:22 GMT" name="runScenario" description="Runs Cucumber Scenarios" data-provider="scenarios" finished-at="2024-01-08T21:05:22 GMT" duration-ms="182" status="PASS">
          <params>
            <param index="0">
              <value>
                <![CDATA["fetch the details of user doesnot exist"]]>
              </value>
            </param>
            <param index="1">
              <value>
                <![CDATA["Testing GET API - No user found"]]>
              </value>
            </param>
          </params>
          <reporter-output>
          </reporter-output>
        </test-method> <!-- runScenario -->
        <test-method signature="runScenario(io.cucumber.testng.PickleWrapper,io.cucumber.testng.FeatureWrapper)[pri:0, instance:runner.RunCucumberTest@9bd0fa6]" started-at="2024-01-08T21:05:22 GMT" name="runScenario" description="Runs Cucumber Scenarios" data-provider="scenarios" finished-at="2024-01-08T21:05:24 GMT" duration-ms="1810" status="PASS">
          <params>
            <param index="0">
              <value>
                <![CDATA["Register a user with different email and password combinations"]]>
              </value>
            </param>
            <param index="1">
              <value>
                <![CDATA["Verify API response for RegisterUser"]]>
              </value>
            </param>
          </params>
          <reporter-output>
          </reporter-output>
        </test-method> <!-- runScenario -->
        <test-method signature="runScenario(io.cucumber.testng.PickleWrapper,io.cucumber.testng.FeatureWrapper)[pri:0, instance:runner.RunCucumberTest@9bd0fa6]" started-at="2024-01-08T21:05:22 GMT" name="runScenario" description="Runs Cucumber Scenarios" data-provider="scenarios" finished-at="2024-01-08T21:05:24 GMT" duration-ms="1869" status="PASS">
          <params>
            <param index="0">
              <value>
                <![CDATA["Verify the response for getting list of users"]]>
              </value>
            </param>
            <param index="1">
              <value>
                <![CDATA["Verify API response for GetListOfUsers"]]>
              </value>
            </param>
          </params>
          <reporter-output>
          </reporter-output>
        </test-method> <!-- runScenario -->
        <test-method signature="runScenario(io.cucumber.testng.PickleWrapper,io.cucumber.testng.FeatureWrapper)[pri:0, instance:runner.RunCucumberTest@9bd0fa6]" started-at="2024-01-08T21:05:22 GMT" name="runScenario" description="Runs Cucumber Scenarios" data-provider="scenarios" finished-at="2024-01-08T21:05:22 GMT" duration-ms="187" status="PASS">
          <params>
            <param index="0">
              <value>
                <![CDATA["Create a user with valid data"]]>
              </value>
            </param>
            <param index="1">
              <value>
                <![CDATA["Testing POST API - creating single user"]]>
              </value>
            </param>
          </params>
          <reporter-output>
          </reporter-output>
        </test-method> <!-- runScenario -->
        <test-method signature="runScenario(io.cucumber.testng.PickleWrapper,io.cucumber.testng.FeatureWrapper)[pri:0, instance:runner.RunCucumberTest@9bd0fa6]" started-at="2024-01-08T21:05:22 GMT" name="runScenario" description="Runs Cucumber Scenarios" data-provider="scenarios" finished-at="2024-01-08T21:05:24 GMT" duration-ms="1867" status="PASS">
          <params>
            <param index="0">
              <value>
                <![CDATA["Verify the response for getting list of users using user directory"]]>
              </value>
            </param>
            <param index="1">
              <value>
                <![CDATA["Verify API response for GetListOfUsers"]]>
              </value>
            </param>
          </params>
          <reporter-output>
          </reporter-output>
        </test-method> <!-- runScenario -->
        <test-method signature="runScenario(io.cucumber.testng.PickleWrapper,io.cucumber.testng.FeatureWrapper)[pri:0, instance:runner.RunCucumberTest@9bd0fa6]" started-at="2024-01-08T21:05:22 GMT" name="runScenario" description="Runs Cucumber Scenarios" data-provider="scenarios" finished-at="2024-01-08T21:05:24 GMT" duration-ms="1817" status="PASS">
          <params>
            <param index="0">
              <value>
                <![CDATA["Register a user with different email and password combinations"]]>
              </value>
            </param>
            <param index="1">
              <value>
                <![CDATA["Verify API response for RegisterUser"]]>
              </value>
            </param>
          </params>
          <reporter-output>
          </reporter-output>
        </test-method> <!-- runScenario -->
        <test-method signature="runScenario(io.cucumber.testng.PickleWrapper,io.cucumber.testng.FeatureWrapper)[pri:0, instance:runner.RunCucumberTest@9bd0fa6]" started-at="2024-01-08T21:05:22 GMT" name="runScenario" description="Runs Cucumber Scenarios" data-provider="scenarios" finished-at="2024-01-08T21:05:24 GMT" duration-ms="1868" status="PASS">
          <params>
            <param index="0">
              <value>
                <![CDATA["Verify the response for getting list of users by passing value from json file"]]>
              </value>
            </param>
            <param index="1">
              <value>
                <![CDATA["Verify API response for GetListOfUsers"]]>
              </value>
            </param>
          </params>
          <reporter-output>
          </reporter-output>
        </test-method> <!-- runScenario -->
        <test-method signature="runScenario(io.cucumber.testng.PickleWrapper,io.cucumber.testng.FeatureWrapper)[pri:0, instance:runner.RunCucumberTest@9bd0fa6]" started-at="2024-01-08T21:05:22 GMT" name="runScenario" description="Runs Cucumber Scenarios" data-provider="scenarios" finished-at="2024-01-08T21:05:24 GMT" duration-ms="1820" status="PASS">
          <params>
            <param index="0">
              <value>
                <![CDATA["Register a user with different email and password combinations"]]>
              </value>
            </param>
            <param index="1">
              <value>
                <![CDATA["Verify API response for RegisterUser"]]>
              </value>
            </param>
          </params>
          <reporter-output>
          </reporter-output>
        </test-method> <!-- runScenario -->
        <test-method signature="runScenario(io.cucumber.testng.PickleWrapper,io.cucumber.testng.FeatureWrapper)[pri:0, instance:runner.RunCucumberTest@9bd0fa6]" started-at="2024-01-08T21:05:22 GMT" name="runScenario" description="Runs Cucumber Scenarios" data-provider="scenarios" finished-at="2024-01-08T21:05:24 GMT" duration-ms="1867" status="PASS">
          <params>
            <param index="0">
              <value>
                <![CDATA["Verify the response for getting single user"]]>
              </value>
            </param>
            <param index="1">
              <value>
                <![CDATA["Verify API response for GetSingleUser"]]>
              </value>
            </param>
          </params>
          <reporter-output>
          </reporter-output>
        </test-method> <!-- runScenario -->
        <test-method signature="runScenario(io.cucumber.testng.PickleWrapper,io.cucumber.testng.FeatureWrapper)[pri:0, instance:runner.RunCucumberTest@9bd0fa6]" started-at="2024-01-08T21:05:22 GMT" name="runScenario" description="Runs Cucumber Scenarios" data-provider="scenarios" finished-at="2024-01-08T21:05:24 GMT" duration-ms="1812" status="PASS">
          <params>
            <param index="0">
              <value>
                <![CDATA["Delete an existing user"]]>
              </value>
            </param>
            <param index="1">
              <value>
                <![CDATA["Delete users"]]>
              </value>
            </param>
          </params>
          <reporter-output>
          </reporter-output>
        </test-method> <!-- runScenario -->
        <test-method signature="runScenario(io.cucumber.testng.PickleWrapper,io.cucumber.testng.FeatureWrapper)[pri:0, instance:runner.RunCucumberTest@9bd0fa6]" started-at="2024-01-08T21:05:22 GMT" name="runScenario" description="Runs Cucumber Scenarios" data-provider="scenarios" finished-at="2024-01-08T21:05:22 GMT" duration-ms="14" status="PASS">
          <params>
            <param index="0">
              <value>
                <![CDATA["create a single user using data from json file"]]>
              </value>
            </param>
            <param index="1">
              <value>
                <![CDATA["Testing POST API - creating single user"]]>
              </value>
            </param>
          </params>
          <reporter-output>
          </reporter-output>
        </test-method> <!-- runScenario -->
        <test-method is-config="true" signature="tearDownClass()[pri:0, instance:runner.RunCucumberTest@9bd0fa6]" started-at="2024-01-08T21:05:24 GMT" name="tearDownClass" finished-at="2024-01-08T21:05:24 GMT" duration-ms="76" status="PASS">
          <reporter-output>
          </reporter-output>
        </test-method> <!-- tearDownClass -->
        <test-method is-config="true" signature="afterSuite()[pri:0, instance:runner.RunCucumberTest@9bd0fa6]" started-at="2024-01-08T21:05:24 GMT" name="afterSuite" finished-at="2024-01-08T21:05:25 GMT" duration-ms="905" status="PASS">
          <reporter-output>
          </reporter-output>
        </test-method> <!-- afterSuite -->
      </class> <!-- runner.RunCucumberTest -->
    </test> <!-- Default test -->
  </suite> <!-- Default suite -->
</testng-results>
