<?xml version="1.0" encoding="UTF-8"?>
<!-- Generated by org.testng.reporters.JUnitXMLReporter -->
<testsuite ignored="5" hostname="LAPTOP-CJ41LFN6" failures="0" tests="1" name="Default test" time="1.384" errors="0" timestamp="2024-01-08T18:03:12 GMT">
  <testcase classname="testcases.GetTestCase" name="testGetListResourses" time="1.336"/>
  <testcase classname="testcases.GetTestCase" name="testGetSingleUsersNotFound" time="0.0">
    <ignored/>
  </testcase> <!-- testGetSingleUsersNotFound -->
  <testcase classname="testcases.GetTestCase" name="testGetSingleResourceNotFound" time="0.0">
    <ignored/>
  </testcase> <!-- testGetSingleResourceNotFound -->
  <testcase classname="testcases.GetTestCase" name="testGetListUsers" time="0.0">
    <ignored/>
  </testcase> <!-- testGetListUsers -->
  <testcase classname="testcases.GetTestCase" name="testGetSingleUser" time="0.0">
    <ignored/>
  </testcase> <!-- testGetSingleUser -->
  <testcase classname="testcases.GetTestCase" name="testGetSingleResourse" time="0.0">
    <ignored/>
  </testcase> <!-- testGetSingleResourse -->
</testsuite> <!-- Default test -->
