<?xml version="1.0" encoding="UTF-8"?>
<!-- Generated by org.testng.reporters.JUnitXMLReporter -->
<testsuite ignored="8" hostname="LAPTOP-CJ41LFN6" failures="0" tests="2" name="Command line test" time="1.389" errors="0" timestamp="2024-01-08T17:07:29 GMT">
  <testcase classname="testcases.PatchTestCase" name="testPartiallyUpdateUserDetails" time="1.227"/>
  <testcase classname="testcases.PutTestCase" name="testUpdateUserDetails" time="0.136"/>
  <testcase classname="testcases.GetTestCase" name="testGetListResourses" time="0.0">
    <ignored/>
  </testcase> <!-- testGetListResourses -->
  <testcase classname="testcases.GetTestCase" name="testGetSingleUsersNotFound" time="0.0">
    <ignored/>
  </testcase> <!-- testGetSingleUsersNotFound -->
  <testcase classname="testcases.BaseTester" name="@BeforeTest filePathExtractor" time="0.0">
    <ignored/>
  </testcase> <!-- @BeforeTest filePathExtractor -->
  <testcase classname="testcases.GetTestCase" name="testGetSingleResourceNotFound" time="0.0">
    <ignored/>
  </testcase> <!-- testGetSingleResourceNotFound -->
  <testcase classname="testcases.DeleteTestCase" name="testDeleteUser" time="0.0">
    <ignored/>
  </testcase> <!-- testDeleteUser -->
  <testcase classname="testcases.GetTestCase" name="testGetSingleUser" time="0.0">
    <ignored/>
  </testcase> <!-- testGetSingleUser -->
  <testcase classname="testcases.GetTestCase" name="testGetSingleResourse" time="0.0">
    <ignored/>
  </testcase> <!-- testGetSingleResourse -->
  <testcase classname="testcases.GetTestCase" name="testGetListUsers" time="0.0">
    <ignored/>
  </testcase> <!-- testGetListUsers -->
</testsuite> <!-- Command line test -->
