<?xml version="1.0" encoding="UTF-8"?>
<testng-results ignored="8" total="10" passed="2" failed="0" skipped="0">
  <reporter-output>
  </reporter-output>
  <suite started-at="2024-01-08T17:07:27 GMT" name="Command line suite" finished-at="2024-01-08T17:07:29 GMT" duration-ms="1389">
    <groups>
    </groups>
    <test started-at="2024-01-08T17:07:27 GMT" name="Command line test" finished-at="2024-01-08T17:07:29 GMT" duration-ms="1389">
      <class name="testcases.PutTestCase">
        <test-method signature="testUpdateUserDetails()[pri:0, instance:testcases.PutTestCase@3590fc5b]" started-at="2024-01-08T17:07:28 GMT" name="testUpdateUserDetails" finished-at="2024-01-08T17:07:29 GMT" duration-ms="136" status="PASS">
          <reporter-output>
          </reporter-output>
        </test-method> <!-- testUpdateUserDetails -->
      </class> <!-- testcases.PutTestCase -->
      <class name="testcases.PatchTestCase">
        <test-method signature="testPartiallyUpdateUserDetails()[pri:0, instance:testcases.PatchTestCase@41d477ed]" started-at="2024-01-08T17:07:27 GMT" name="testPartiallyUpdateUserDetails" finished-at="2024-01-08T17:07:28 GMT" duration-ms="1227" status="PASS">
          <reporter-output>
          </reporter-output>
        </test-method> <!-- testPartiallyUpdateUserDetails -->
      </class> <!-- testcases.PatchTestCase -->
      <class name="testcases.DeleteTestCase">
        <test-method is-config="true" signature="filePathExtractor()[pri:0, instance:testcases.DeleteTestCase@77888435]" started-at="2024-01-08T17:07:27 GMT" name="filePathExtractor" finished-at="2024-01-08T17:07:27 GMT" duration-ms="4" status="PASS">
          <reporter-output>
          </reporter-output>
        </test-method> <!-- filePathExtractor -->
      </class> <!-- testcases.DeleteTestCase -->
    </test> <!-- Command line test -->
  </suite> <!-- Command line suite -->
</testng-results>
