<?xml version="1.0" encoding="UTF-8"?>
<testng-results skipped="0" failed="0" total="1" passed="1">
  <reporter-output>
  </reporter-output>
  <suite name="Default suite" duration-ms="1714" started-at="2023-12-07T15:23:27Z" finished-at="2023-12-07T15:23:29Z">
    <groups>
    </groups>
    <test name="Default test" duration-ms="1714" started-at="2023-12-07T15:23:27Z" finished-at="2023-12-07T15:23:29Z">
      <class name="testCases.Test1">
        <test-method status="PASS" signature="testPostUsingOrchestrate()[pri:0, instance:testCases.Test1@5b275dab]" name="testPostUsingOrchestrate" duration-ms="1703" started-at="2023-12-07T15:23:27Z" finished-at="2023-12-07T15:23:29Z">
          <reporter-output>
          </reporter-output>
        </test-method> <!-- testPostUsingOrchestrate -->
      </class> <!-- testCases.Test1 -->
    </test> <!-- Default test -->
  </suite> <!-- Default suite -->
</testng-results>
