<?xml version="1.0" encoding="UTF-8"?>
<!-- Generated by org.testng.reporters.JUnitXMLReporter -->
<testsuite hostname="LAPTOP-CJ41LFN6" name="Default test" tests="3" failures="0" timestamp="17 Nov 2023 14:26:54 GMT" time="0.031" errors="0">
  <testcase name="emptyString" time="0.0" classname="assignmentTest.Assignment1_Test"/>
  <testcase name="testMultipleCharacters" time="0.0" classname="assignmentTest.Assignment1_Test"/>
  <testcase name="testWithDigitsAndSpecialChars" time="0.0" classname="assignmentTest.Assignment1_Test"/>
</testsuite> <!-- Default test -->
